Build started 12.06.2021 18:24:22.
     1>Project "D:\Eco.CEP.Engine1\1\2\3\Eco.CEP.Filtering1\AssemblyFiles\Windows\VisualStudio_10\Eco.CEP.Filtering1.vcxproj" on node 2 (build target(s)).
     1>InitializeBuildStatus:
         Touching "Eco.CEP.Filtering1\DynamicDebug\Eco.CEP.Filtering1.unsuccessfulbuild".
       ClCompile:
         C:\Program Files (x86)\Microsoft Visual Studio 10.0\VC\bin\CL.exe /c /I..\..\..\HeaderFiles /I..\..\..\SharedFiles /I..\..\..\..\Eco.Core1\SharedFiles /I..\..\..\..\Eco.String1\SharedFiles /I..\..\..\..\Eco.List1\SharedFiles /I..\..\..\..\Eco.Comparator1\SharedFiles /I..\..\..\..\Eco.MemoryManager1\SharedFiles /I..\..\..\..\Eco.InterfaceBus1\SharedFiles /ZI /nologo /W3 /WX- /Od /Oy- /D ECO_WIN32 /D _DEBUG /D _WINDOWS /D ECO_DLL /D UGUID_UTILITY /D _WINDLL /D _UNICODE /D UNICODE /Gm /EHsc /RTC1 /MTd /GS /fp:precise /Zc:wchar_t /Zc:forScope /Fo"Eco.CEP.Filtering1\DynamicDebug\\" /Fd"Eco.CEP.Filtering1\DynamicDebug\vc100.pdb" /Gz /TC /analyze- /errorReport:prompt ..\..\..\SourceFiles\CEcoCEPFiltering1.c ..\..\..\SourceFiles\CEcoCEPFiltering1Factory.c
         CEcoCEPFiltering1Factory.c
     1>d:\eco.cep.engine1\1\2\3\eco.cep.filtering1\sharedfiles\iecocepfiltering1.h(46): error C2061: syntax error : identifier 'IEcoCEPFiltering1'
     1>d:\eco.cep.engine1\1\2\3\eco.cep.filtering1\sharedfiles\iecocepfiltering1.h(46): error C2059: syntax error : ';'
     1>d:\eco.cep.engine1\1\2\3\eco.cep.filtering1\sharedfiles\iecocepfiltering1.h(46): error C2449: found '{' at file scope (missing function header?)
     1>d:\eco.cep.engine1\1\2\3\eco.cep.filtering1\sharedfiles\iecocepfiltering1.h(48): error C2059: syntax error : '}'
     1>d:\eco.cep.engine1\1\2\3\eco.cep.filtering1\headerfiles\cecocepfiltering1.h(49): error C2143: syntax error : missing ')' before '*'
     1>d:\eco.cep.engine1\1\2\3\eco.cep.filtering1\headerfiles\cecocepfiltering1.h(49): error C2081: 'IEcoCEPFiltering1' : name in formal parameter list illegal
     1>d:\eco.cep.engine1\1\2\3\eco.cep.filtering1\headerfiles\cecocepfiltering1.h(49): error C2143: syntax error : missing '{' before '*'
     1>d:\eco.cep.engine1\1\2\3\eco.cep.filtering1\headerfiles\cecocepfiltering1.h(49): error C2059: syntax error : ')'
     1>d:\eco.cep.engine1\1\2\3\eco.cep.filtering1\headerfiles\cecocepfiltering1.h(51): error C2143: syntax error : missing ')' before '*'
     1>d:\eco.cep.engine1\1\2\3\eco.cep.filtering1\headerfiles\cecocepfiltering1.h(51): error C2143: syntax error : missing '{' before '*'
     1>d:\eco.cep.engine1\1\2\3\eco.cep.filtering1\headerfiles\cecocepfiltering1.h(51): error C2059: syntax error : ')'
     1>d:\eco.cep.engine1\1\2\3\eco.cep.filtering1\headerfiles\cecocepfiltering1factory.h(28): error C2016: C requires that a struct or union has at least one member
     1>d:\eco.cep.engine1\1\2\3\eco.cep.filtering1\headerfiles\cecocepfiltering1factory.h(28): error C2061: syntax error : identifier 'IEcoComponentFactoryVTbl'
     1>d:\eco.cep.engine1\1\2\3\eco.cep.filtering1\headerfiles\cecocepfiltering1factory.h(40): error C2059: syntax error : '}'
     1>d:\eco.cep.engine1\1\2\3\eco.cep.filtering1\sourcefiles\cecocepfiltering1factory.c(42): error C2039: 'pVTbl' : is not a member of 'IEcoUnknown'
                 d:\eco.cep.engine1\1\2\3\eco.core1\sharedfiles\iecobase1.h(111) : see declaration of 'IEcoUnknown'
     1>d:\eco.cep.engine1\1\2\3\eco.cep.filtering1\sourcefiles\cecocepfiltering1factory.c(59): error C2065: 'CEcoCEPFiltering1Factory' : undeclared identifier
     1>d:\eco.cep.engine1\1\2\3\eco.cep.filtering1\sourcefiles\cecocepfiltering1factory.c(59): error C2065: 'pCMe' : undeclared identifier
     1>d:\eco.cep.engine1\1\2\3\eco.cep.filtering1\sourcefiles\cecocepfiltering1factory.c(59): error C2065: 'CEcoCEPFiltering1Factory' : undeclared identifier
     1>d:\eco.cep.engine1\1\2\3\eco.cep.filtering1\sourcefiles\cecocepfiltering1factory.c(59): error C2059: syntax error : ')'
     1>d:\eco.cep.engine1\1\2\3\eco.cep.filtering1\sourcefiles\cecocepfiltering1factory.c(65): error C2065: 'pCMe' : undeclared identifier
     1>d:\eco.cep.engine1\1\2\3\eco.cep.filtering1\sourcefiles\cecocepfiltering1factory.c(65): error C2223: left of '->m_cRef' must point to struct/union
     1>d:\eco.cep.engine1\1\2\3\eco.cep.filtering1\sourcefiles\cecocepfiltering1factory.c(65): warning C4033: 'CEcoCEPFiltering1Factory_AddRef' must return a value
     1>d:\eco.cep.engine1\1\2\3\eco.cep.filtering1\sourcefiles\cecocepfiltering1factory.c(79): error C2061: syntax error : identifier 'CEcoCEPFiltering1Factory_Release'
     1>d:\eco.cep.engine1\1\2\3\eco.cep.filtering1\sourcefiles\cecocepfiltering1factory.c(79): error C2059: syntax error : ';'
     1>d:\eco.cep.engine1\1\2\3\eco.cep.filtering1\sourcefiles\cecocepfiltering1factory.c(79): error C2059: syntax error : 'type'
     1>d:\eco.cep.engine1\1\2\3\eco.cep.filtering1\sourcefiles\cecocepfiltering1factory.c(109): error C2065: 'CEcoCEPFiltering1Factory' : undeclared identifier
     1>d:\eco.cep.engine1\1\2\3\eco.cep.filtering1\sourcefiles\cecocepfiltering1factory.c(109): error C2065: 'pCMe' : undeclared identifier
     1>d:\eco.cep.engine1\1\2\3\eco.cep.filtering1\sourcefiles\cecocepfiltering1factory.c(109): error C2065: 'CEcoCEPFiltering1Factory' : undeclared identifier
     1>d:\eco.cep.engine1\1\2\3\eco.cep.filtering1\sourcefiles\cecocepfiltering1factory.c(109): error C2059: syntax error : ')'
     1>d:\eco.cep.engine1\1\2\3\eco.cep.filtering1\sourcefiles\cecocepfiltering1factory.c(110): error C2275: 'int16_t' : illegal use of this type as an expression
                 d:\eco.cep.engine1\1\2\3\eco.core1\sharedfiles\iecobase1.h(31) : see declaration of 'int16_t'
     1>d:\eco.cep.engine1\1\2\3\eco.cep.filtering1\sourcefiles\cecocepfiltering1factory.c(110): error C2146: syntax error : missing ';' before identifier 'result'
     1>d:\eco.cep.engine1\1\2\3\eco.cep.filtering1\sourcefiles\cecocepfiltering1factory.c(110): error C2065: 'result' : undeclared identifier
     1>d:\eco.cep.engine1\1\2\3\eco.cep.filtering1\sourcefiles\cecocepfiltering1factory.c(117): error C2065: 'result' : undeclared identifier
     1>d:\eco.cep.engine1\1\2\3\eco.cep.filtering1\sourcefiles\cecocepfiltering1factory.c(117): error C2065: 'pCMe' : undeclared identifier
     1>d:\eco.cep.engine1\1\2\3\eco.cep.filtering1\sourcefiles\cecocepfiltering1factory.c(117): error C2223: left of '->m_pInitInstance' must point to struct/union
     1>d:\eco.cep.engine1\1\2\3\eco.cep.filtering1\sourcefiles\cecocepfiltering1factory.c(119): error C2065: 'result' : undeclared identifier
     1>d:\eco.cep.engine1\1\2\3\eco.cep.filtering1\sourcefiles\cecocepfiltering1factory.c(134): error C2065: 'CEcoCEPFiltering1Factory' : undeclared identifier
     1>d:\eco.cep.engine1\1\2\3\eco.cep.filtering1\sourcefiles\cecocepfiltering1factory.c(134): error C2065: 'pCMe' : undeclared identifier
     1>d:\eco.cep.engine1\1\2\3\eco.cep.filtering1\sourcefiles\cecocepfiltering1factory.c(134): error C2065: 'CEcoCEPFiltering1Factory' : undeclared identifier
     1>d:\eco.cep.engine1\1\2\3\eco.cep.filtering1\sourcefiles\cecocepfiltering1factory.c(134): error C2059: syntax error : ')'
     1>d:\eco.cep.engine1\1\2\3\eco.cep.filtering1\sourcefiles\cecocepfiltering1factory.c(135): error C2275: 'IEcoUnknown' : illegal use of this type as an expression
                 d:\eco.cep.engine1\1\2\3\eco.core1\sharedfiles\iecobase1.h(118) : see declaration of 'IEcoUnknown'
     1>d:\eco.cep.engine1\1\2\3\eco.cep.filtering1\sourcefiles\cecocepfiltering1factory.c(135): error C2065: 'pIUnk' : undeclared identifier
     1>d:\eco.cep.engine1\1\2\3\eco.cep.filtering1\sourcefiles\cecocepfiltering1factory.c(136): error C2275: 'int16_t' : illegal use of this type as an expression
                 d:\eco.cep.engine1\1\2\3\eco.core1\sharedfiles\iecobase1.h(31) : see declaration of 'int16_t'
     1>d:\eco.cep.engine1\1\2\3\eco.cep.filtering1\sourcefiles\cecocepfiltering1factory.c(136): error C2146: syntax error : missing ';' before identifier 'result'
     1>d:\eco.cep.engine1\1\2\3\eco.cep.filtering1\sourcefiles\cecocepfiltering1factory.c(136): error C2065: 'result' : undeclared identifier
     1>d:\eco.cep.engine1\1\2\3\eco.cep.filtering1\sourcefiles\cecocepfiltering1factory.c(149): error C2065: 'result' : undeclared identifier
     1>d:\eco.cep.engine1\1\2\3\eco.cep.filtering1\sourcefiles\cecocepfiltering1factory.c(149): error C2065: 'pCMe' : undeclared identifier
     1>d:\eco.cep.engine1\1\2\3\eco.cep.filtering1\sourcefiles\cecocepfiltering1factory.c(149): error C2223: left of '->m_pInstance' must point to struct/union
     1>d:\eco.cep.engine1\1\2\3\eco.cep.filtering1\sourcefiles\cecocepfiltering1factory.c(149): error C2065: 'pIUnk' : undeclared identifier
     1>d:\eco.cep.engine1\1\2\3\eco.cep.filtering1\sourcefiles\cecocepfiltering1factory.c(150): error C2065: 'result' : undeclared identifier
     1>d:\eco.cep.engine1\1\2\3\eco.cep.filtering1\sourcefiles\cecocepfiltering1factory.c(150): error C2065: 'pIUnk' : undeclared identifier
     1>d:\eco.cep.engine1\1\2\3\eco.cep.filtering1\sourcefiles\cecocepfiltering1factory.c(155): error C2065: 'result' : undeclared identifier
     1>d:\eco.cep.engine1\1\2\3\eco.cep.filtering1\sourcefiles\cecocepfiltering1factory.c(155): error C2039: 'pVTbl' : is not a member of 'IEcoComponentFactory'
                 d:\eco.cep.engine1\1\2\3\eco.core1\sharedfiles\iecobase1.h(125) : see declaration of 'IEcoComponentFactory'
     1>d:\eco.cep.engine1\1\2\3\eco.cep.filtering1\sourcefiles\cecocepfiltering1factory.c(155): error C2065: 'pIUnk' : undeclared identifier
     1>d:\eco.cep.engine1\1\2\3\eco.cep.filtering1\sourcefiles\cecocepfiltering1factory.c(158): error C2065: 'result' : undeclared identifier
     1>d:\eco.cep.engine1\1\2\3\eco.cep.filtering1\sourcefiles\cecocepfiltering1factory.c(158): error C2065: 'pIUnk' : undeclared identifier
     1>d:\eco.cep.engine1\1\2\3\eco.cep.filtering1\sourcefiles\cecocepfiltering1factory.c(158): error C2223: left of '->pVTbl' must point to struct/union
     1>d:\eco.cep.engine1\1\2\3\eco.cep.filtering1\sourcefiles\cecocepfiltering1factory.c(158): error C2065: 'pIUnk' : undeclared identifier
     1>d:\eco.cep.engine1\1\2\3\eco.cep.filtering1\sourcefiles\cecocepfiltering1factory.c(161): error C2065: 'pIUnk' : undeclared identifier
     1>d:\eco.cep.engine1\1\2\3\eco.cep.filtering1\sourcefiles\cecocepfiltering1factory.c(161): error C2223: left of '->pVTbl' must point to struct/union
     1>d:\eco.cep.engine1\1\2\3\eco.cep.filtering1\sourcefiles\cecocepfiltering1factory.c(161): error C2065: 'pIUnk' : undeclared identifier
     1>d:\eco.cep.engine1\1\2\3\eco.cep.filtering1\sourcefiles\cecocepfiltering1factory.c(163): error C2065: 'result' : undeclared identifier
     1>d:\eco.cep.engine1\1\2\3\eco.cep.filtering1\sourcefiles\cecocepfiltering1factory.c(178): error C2065: 'CEcoCEPFiltering1Factory' : undeclared identifier
     1>d:\eco.cep.engine1\1\2\3\eco.cep.filtering1\sourcefiles\cecocepfiltering1factory.c(178): error C2065: 'pCMe' : undeclared identifier
     1>d:\eco.cep.engine1\1\2\3\eco.cep.filtering1\sourcefiles\cecocepfiltering1factory.c(178): error C2065: 'CEcoCEPFiltering1Factory' : undeclared identifier
     1>d:\eco.cep.engine1\1\2\3\eco.cep.filtering1\sourcefiles\cecocepfiltering1factory.c(178): error C2059: syntax error : ')'
     1>d:\eco.cep.engine1\1\2\3\eco.cep.filtering1\sourcefiles\cecocepfiltering1factory.c(184): error C2065: 'pCMe' : undeclared identifier
     1>d:\eco.cep.engine1\1\2\3\eco.cep.filtering1\sourcefiles\cecocepfiltering1factory.c(184): error C2223: left of '->m_Name' must point to struct/union
     1>d:\eco.cep.engine1\1\2\3\eco.cep.filtering1\sourcefiles\cecocepfiltering1factory.c(184): warning C4033: 'CEcoCEPFiltering1Factory_get_Name' must return a value
     1>d:\eco.cep.engine1\1\2\3\eco.cep.filtering1\sourcefiles\cecocepfiltering1factory.c(198): error C2143: syntax error : missing '{' before '*'
     1>d:\eco.cep.engine1\1\2\3\eco.cep.filtering1\sourcefiles\cecocepfiltering1factory.c(199): error C2065: 'CEcoCEPFiltering1Factory' : undeclared identifier
     1>d:\eco.cep.engine1\1\2\3\eco.cep.filtering1\sourcefiles\cecocepfiltering1factory.c(199): error C2065: 'pCMe' : undeclared identifier
     1>d:\eco.cep.engine1\1\2\3\eco.cep.filtering1\sourcefiles\cecocepfiltering1factory.c(199): error C2065: 'CEcoCEPFiltering1Factory' : undeclared identifier
     1>d:\eco.cep.engine1\1\2\3\eco.cep.filtering1\sourcefiles\cecocepfiltering1factory.c(199): error C2059: syntax error : ')'
     1>d:\eco.cep.engine1\1\2\3\eco.cep.filtering1\sourcefiles\cecocepfiltering1factory.c(205): error C2065: 'pCMe' : undeclared identifier
     1>d:\eco.cep.engine1\1\2\3\eco.cep.filtering1\sourcefiles\cecocepfiltering1factory.c(205): error C2223: left of '->m_Version' must point to struct/union
     1>d:\eco.cep.engine1\1\2\3\eco.cep.filtering1\sourcefiles\cecocepfiltering1factory.c(205): warning C4033: 'CEcoCEPFiltering1Factory_get_Version' must return a value
     1>d:\eco.cep.engine1\1\2\3\eco.cep.filtering1\sourcefiles\cecocepfiltering1factory.c(219): error C2143: syntax error : missing '{' before '*'
     1>d:\eco.cep.engine1\1\2\3\eco.cep.filtering1\sourcefiles\cecocepfiltering1factory.c(220): error C2065: 'CEcoCEPFiltering1Factory' : undeclared identifier
     1>d:\eco.cep.engine1\1\2\3\eco.cep.filtering1\sourcefiles\cecocepfiltering1factory.c(220): error C2065: 'pCMe' : undeclared identifier
     1>d:\eco.cep.engine1\1\2\3\eco.cep.filtering1\sourcefiles\cecocepfiltering1factory.c(220): error C2065: 'CEcoCEPFiltering1Factory' : undeclared identifier
     1>d:\eco.cep.engine1\1\2\3\eco.cep.filtering1\sourcefiles\cecocepfiltering1factory.c(220): error C2059: syntax error : ')'
     1>d:\eco.cep.engine1\1\2\3\eco.cep.filtering1\sourcefiles\cecocepfiltering1factory.c(226): error C2065: 'pCMe' : undeclared identifier
     1>d:\eco.cep.engine1\1\2\3\eco.cep.filtering1\sourcefiles\cecocepfiltering1factory.c(226): error C2223: left of '->m_Manufacturer' must point to struct/union
     1>d:\eco.cep.engine1\1\2\3\eco.cep.filtering1\sourcefiles\cecocepfiltering1factory.c(226): warning C4033: 'CEcoCEPFiltering1Factory_get_Manufacturer' must return a value
     1>d:\eco.cep.engine1\1\2\3\eco.cep.filtering1\sourcefiles\cecocepfiltering1factory.c(230): error C2061: syntax error : identifier 'g_xF2F80840CD354C7BAA964B0BBC969EADFactoryVTbl'
     1>d:\eco.cep.engine1\1\2\3\eco.cep.filtering1\sourcefiles\cecocepfiltering1factory.c(230): error C2059: syntax error : ';'
     1>d:\eco.cep.engine1\1\2\3\eco.cep.filtering1\sourcefiles\cecocepfiltering1factory.c(230): error C2513: '/*global*/ ' : no variable declared before '='
     1>d:\eco.cep.engine1\1\2\3\eco.cep.filtering1\sourcefiles\cecocepfiltering1factory.c(233): error C2065: 'CEcoCEPFiltering1Factory_Release' : undeclared identifier
     1>d:\eco.cep.engine1\1\2\3\eco.cep.filtering1\sourcefiles\cecocepfiltering1factory.c(252): error C2061: syntax error : identifier 'g_xF2F80840CD354C7BAA964B0BBC969EADFactory'
     1>d:\eco.cep.engine1\1\2\3\eco.cep.filtering1\sourcefiles\cecocepfiltering1factory.c(252): error C2059: syntax error : ';'
     1>d:\eco.cep.engine1\1\2\3\eco.cep.filtering1\sourcefiles\cecocepfiltering1factory.c(252): error C2513: '/*global*/ ' : no variable declared before '='
     1>d:\eco.cep.engine1\1\2\3\eco.cep.filtering1\sourcefiles\cecocepfiltering1factory.c(253): error C2065: 'g_xF2F80840CD354C7BAA964B0BBC969EADFactoryVTbl' : undeclared identifier
     1>d:\eco.cep.engine1\1\2\3\eco.cep.filtering1\sourcefiles\cecocepfiltering1factory.c(255): error C2065: 'createCEcoCEPFiltering1' : undeclared identifier
     1>d:\eco.cep.engine1\1\2\3\eco.cep.filtering1\sourcefiles\cecocepfiltering1factory.c(263): error C2061: syntax error : identifier 'GetIEcoComponentFactoryPtr'
     1>d:\eco.cep.engine1\1\2\3\eco.cep.filtering1\sourcefiles\cecocepfiltering1factory.c(263): error C2059: syntax error : ';'
     1>d:\eco.cep.engine1\1\2\3\eco.cep.filtering1\sourcefiles\cecocepfiltering1factory.c(263): error C2059: syntax error : ')'
         CEcoCEPFiltering1.c
     1>d:\eco.cep.engine1\1\2\3\eco.cep.filtering1\sharedfiles\iecocepfiltering1.h(46): error C2061: syntax error : identifier 'IEcoCEPFiltering1'
     1>d:\eco.cep.engine1\1\2\3\eco.cep.filtering1\sharedfiles\iecocepfiltering1.h(46): error C2059: syntax error : ';'
     1>d:\eco.cep.engine1\1\2\3\eco.cep.filtering1\sharedfiles\iecocepfiltering1.h(46): error C2449: found '{' at file scope (missing function header?)
     1>d:\eco.cep.engine1\1\2\3\eco.cep.filtering1\sharedfiles\iecocepfiltering1.h(48): error C2059: syntax error : '}'
     1>d:\eco.cep.engine1\1\2\3\eco.cep.filtering1\headerfiles\cecocepfiltering1.h(49): error C2143: syntax error : missing ')' before '*'
     1>d:\eco.cep.engine1\1\2\3\eco.cep.filtering1\headerfiles\cecocepfiltering1.h(49): error C2081: 'IEcoCEPFiltering1' : name in formal parameter list illegal
     1>d:\eco.cep.engine1\1\2\3\eco.cep.filtering1\headerfiles\cecocepfiltering1.h(49): error C2143: syntax error : missing '{' before '*'
     1>d:\eco.cep.engine1\1\2\3\eco.cep.filtering1\headerfiles\cecocepfiltering1.h(49): error C2059: syntax error : ')'
     1>d:\eco.cep.engine1\1\2\3\eco.cep.filtering1\headerfiles\cecocepfiltering1.h(51): error C2143: syntax error : missing ')' before '*'
     1>d:\eco.cep.engine1\1\2\3\eco.cep.filtering1\headerfiles\cecocepfiltering1.h(51): error C2143: syntax error : missing '{' before '*'
     1>d:\eco.cep.engine1\1\2\3\eco.cep.filtering1\headerfiles\cecocepfiltering1.h(51): error C2059: syntax error : ')'
     1>d:\eco.cep.engine1\1\2\3\eco.cep.filtering1\sourcefiles\cecocepfiltering1.c(47): error C2065: 'IEcoCEPFiltering1' : undeclared identifier
     1>d:\eco.cep.engine1\1\2\3\eco.cep.filtering1\sourcefiles\cecocepfiltering1.c(47): error C2059: syntax error : ')'
     1>d:\eco.cep.engine1\1\2\3\eco.cep.filtering1\sourcefiles\cecocepfiltering1.c(51): error C2065: 'IEcoCEPFiltering1' : undeclared identifier
     1>d:\eco.cep.engine1\1\2\3\eco.cep.filtering1\sourcefiles\cecocepfiltering1.c(51): error C2059: syntax error : ')'
     1>d:\eco.cep.engine1\1\2\3\eco.cep.filtering1\sourcefiles\cecocepfiltering1.c(71): error C2061: syntax error : identifier 'CEcoCEPFiltering1_AddRef'
     1>d:\eco.cep.engine1\1\2\3\eco.cep.filtering1\sourcefiles\cecocepfiltering1.c(71): error C2059: syntax error : ';'
     1>d:\eco.cep.engine1\1\2\3\eco.cep.filtering1\sourcefiles\cecocepfiltering1.c(71): error C2059: syntax error : 'type'
     1>d:\eco.cep.engine1\1\2\3\eco.cep.filtering1\sourcefiles\cecocepfiltering1.c(106): warning C4013: 'deleteCEcoCEPFiltering1' undefined; assuming extern returning int
     1>d:\eco.cep.engine1\1\2\3\eco.cep.filtering1\sourcefiles\cecocepfiltering1.c(106): error C2065: 'IEcoCEPFiltering1' : undeclared identifier
     1>d:\eco.cep.engine1\1\2\3\eco.cep.filtering1\sourcefiles\cecocepfiltering1.c(106): error C2059: syntax error : ')'
     1>d:\eco.cep.engine1\1\2\3\eco.cep.filtering1\sourcefiles\cecocepfiltering1.c(123): error C2061: syntax error : identifier 'CEcoCEPFiltering1_MyFunction'
     1>d:\eco.cep.engine1\1\2\3\eco.cep.filtering1\sourcefiles\cecocepfiltering1.c(123): error C2059: syntax error : ';'
     1>d:\eco.cep.engine1\1\2\3\eco.cep.filtering1\sourcefiles\cecocepfiltering1.c(123): error C2059: syntax error : 'type'
     1>d:\eco.cep.engine1\1\2\3\eco.cep.filtering1\sourcefiles\cecocepfiltering1.c(179): error C2065: 'CEcoCEPFiltering1_AddRef' : undeclared identifier
     1>d:\eco.cep.engine1\1\2\3\eco.cep.filtering1\sourcefiles\cecocepfiltering1.c(179): error C2099: initializer is not a constant
     1>d:\eco.cep.engine1\1\2\3\eco.cep.filtering1\sourcefiles\cecocepfiltering1.c(182): error C2065: 'CEcoCEPFiltering1_MyFunction' : undeclared identifier
     1>d:\eco.cep.engine1\1\2\3\eco.cep.filtering1\sourcefiles\cecocepfiltering1.c(182): error C2099: initializer is not a constant
     1>d:\eco.cep.engine1\1\2\3\eco.cep.filtering1\sourcefiles\cecocepfiltering1.c(196): error C2143: syntax error : missing ')' before '*'
     1>d:\eco.cep.engine1\1\2\3\eco.cep.filtering1\sourcefiles\cecocepfiltering1.c(196): error C2081: 'IEcoCEPFiltering1' : name in formal parameter list illegal
     1>d:\eco.cep.engine1\1\2\3\eco.cep.filtering1\sourcefiles\cecocepfiltering1.c(196): error C2143: syntax error : missing '{' before '*'
     1>d:\eco.cep.engine1\1\2\3\eco.cep.filtering1\sourcefiles\cecocepfiltering1.c(196): error C2059: syntax error : ')'
     1>d:\eco.cep.engine1\1\2\3\eco.cep.filtering1\sourcefiles\cecocepfiltering1.c(196): error C2054: expected '(' to follow 'ppIEcoCEPFiltering1'
     1>d:\eco.cep.engine1\1\2\3\eco.cep.filtering1\sourcefiles\cecocepfiltering1.c(267): error C2143: syntax error : missing ')' before '*'
     1>d:\eco.cep.engine1\1\2\3\eco.cep.filtering1\sourcefiles\cecocepfiltering1.c(267): error C2143: syntax error : missing '{' before '*'
     1>d:\eco.cep.engine1\1\2\3\eco.cep.filtering1\sourcefiles\cecocepfiltering1.c(267): error C2059: syntax error : ')'
     1>d:\eco.cep.engine1\1\2\3\eco.cep.filtering1\sourcefiles\cecocepfiltering1.c(267): error C2054: expected '(' to follow 'pIEcoCEPFiltering1'
         Generating Code...
     1>Done Building Project "D:\Eco.CEP.Engine1\1\2\3\Eco.CEP.Filtering1\AssemblyFiles\Windows\VisualStudio_10\Eco.CEP.Filtering1.vcxproj" (build target(s)) -- FAILED.

Build FAILED.

Time Elapsed 00:00:00.21
